<?xml version="1.0" encoding="UTF-8"?>
<!-- Generated by org.testng.reporters.JUnitReportReporter -->
<testsuite hostname="Prakhar" failures="0" tests="3" name="com.qa.locationtest.testcases.LoginPageTest" time="0.388" errors="0" timestamp="2022-12-11T00:08:13 IST" skipped="0">
  <testcase classname="com.qa.locationtest.testcases.LoginPageTest" name="verifyLoginPageLogoImageTest" time="0.073"/>
  <system-out/>
  <testcase classname="com.qa.locationtest.testcases.LoginPageTest" name="verifyLoginPageTitleTest" time="0.016"/>
  <system-out/>
  <testcase classname="com.qa.locationtest.testcases.LoginPageTest" name="loginTest" time="0.299"/>
  <system-out/>
</testsuite> <!-- com.qa.locationtest.testcases.LoginPageTest -->
