<?xml version="1.0" encoding="UTF-8"?>
<!-- Generated by org.testng.reporters.JUnitReportReporter -->
<testsuite hostname="Prakhar" failures="0" tests="2" name="com.qa.locationtest.testcases.FilterPageTest" time="50.978" errors="0" timestamp="2022-12-11T00:08:13 IST" skipped="0">
  <testcase classname="com.qa.locationtest.testcases.FilterPageTest" name="verifyFilterPageTitleTest" time="0.014"/>
  <system-out/>
  <testcase classname="com.qa.locationtest.testcases.FilterPageTest" name="verifyFilterTest" time="50.964"/>
  <system-out/>
</testsuite> <!-- com.qa.locationtest.testcases.FilterPageTest -->
