<?xml version="1.0" encoding="UTF-8"?>
<!-- Generated by org.testng.reporters.JUnitReportReporter -->
<testsuite hostname="Prakhar" failures="0" tests="3" name="com.qa.locationtest.testdata.LoginPageTest" time="0.199" errors="0" timestamp="2022-12-05T21:13:15 IST" skipped="0">
  <testcase classname="com.qa.locationtest.testdata.LoginPageTest" name="verifyLoginPageLogoImageTest" time="0.043"/>
  <system-out/>
  <testcase classname="com.qa.locationtest.testdata.LoginPageTest" name="verifyLoginPageTitleTest" time="0.008"/>
  <system-out/>
  <testcase classname="com.qa.locationtest.testdata.LoginPageTest" name="loginTest" time="0.148"/>
  <system-out/>
</testsuite> <!-- com.qa.locationtest.testdata.LoginPageTest -->
